<beans xmlns="http://www.springframework.org/schema/beans"
       xmlns:xsi="http://www.w3.org/2001/XMLSchema-instance" xmlns:p="http://www.springframework.org/schema/p"
       xsi:schemaLocation="http://www.springframework.org/schema/beans http://www.springframework.org/schema/beans/spring-beans.xsd">

    <import resource="classpath:dao-config.xml"/>

    <bean id="entityManagerFactory"
          class="org.springframework.orm.jpa.LocalContainerEntityManagerFactoryBean" depends-on="vendorAdapter">
        <property name="jpaVendorAdapter" ref="vendorAdapter" />
        <property name="packagesToScan">
            <list>
                <value>rocks.stalin.sw708e16.server.core</value>
            </list>
        </property>
    </bean>
</beans>
