<beans xmlns="http://www.springframework.org/schema/beans"
       xmlns:xsi="http://www.w3.org/2001/XMLSchema-instance" xmlns:p="http://www.springframework.org/schema/p"
       xsi:schemaLocation="http://www.springframework.org/schema/beans http://www.springframework.org/schema/beans/spring-beans.xsd">

    <import resource="classpath:dao-config.xml"/>

    <bean name="propertyConfigurer"
          class="org.springframework.beans.factory.config.PropertyPlaceholderConfigurer"
          p:ignoreUnresolvablePlaceholders="true"
          p:ignoreResourceNotFound="true">
        <property name="locations">
            <list>
                <value>classpath:db.properties</value>
            </list>
        </property>
    </bean>

    <bean id="entityManagerFactory"
          class="org.springframework.orm.jpa.LocalContainerEntityManagerFactoryBean" depends-on="flyway">
        <property name="dataSource" ref="dataSource" />
        <property name="jpaVendorAdapter">
            <bean class="org.springframework.orm.jpa.vendor.HibernateJpaVendorAdapter">
                <property name="showSql" value="true" />
                <property name="databasePlatform" value="org.hibernate.dialect.H2Dialect"/>
            </bean>
        </property>
        <property name="jpaProperties">
            <props>
                <prop key="hibernate.enable_lazy_load_no_trans">true</prop>
                <prop key="hibernate.hbm2ddl.auto">validate</prop>
            </props>
        </property>
        <property name="packagesToScan">
            <list>
                <value>dk.aau.giraf.rest.core</value>
            </list>
        </property>
    </bean>
</beans>
